# JRE version: Java(TM) SE Runtime Environment (8.0_191-b12) (build 1.8.0_191-b12)
# Java VM: Java HotSpot(TM) 64-Bit Server VM (25.191-b12 mixed mode linux-amd64 compressed oops)
Heap:
 def new generation   total 13184K, used 0K [0x00000000f0800000, 0x00000000f1640000, 0x00000000f5aa0000)
  eden space 11776K,   0% used [0x00000000f0800000, 0x00000000f0800000, 0x00000000f1380000)
  from space 1408K,   0% used [0x00000000f1380000, 0x00000000f1380000, 0x00000000f14e0000)
  to   space 1408K,   0% used [0x00000000f14e0000, 0x00000000f14e0000, 0x00000000f1640000)
 tenured generation   total 29244K, used 22266K [0x00000000f5aa0000, 0x00000000f772f000, 0x0000000100000000)
   the space 29244K,  76% used [0x00000000f5aa0000, 0x00000000f705e808, 0x00000000f705ea00, 0x00000000f772f000)
 Metaspace       used 52852K, capacity 54804K, committed 54912K, reserved 1097728K
  class space    used 7108K, capacity 7461K, committed 7552K, reserved 1048576K
GC Heap History (10 events):
Event: 12.694 GC heap after
Heap after GC invocations=101 (full 3):
 def new generation   total 13184K, used 1012K [0x00000000f0800000, 0x00000000f1640000, 0x00000000f5aa0000)
  eden space 11776K,   0% used [0x00000000f0800000, 0x00000000f0800000, 0x00000000f1380000)
  from space 1408K,  71% used [0x00000000f14e0000, 0x00000000f15dd0f0, 0x00000000f1640000)
  to   space 1408K,   0% used [0x00000000f1380000, 0x00000000f1380000, 0x00000000f14e0000)
 tenured generation   total 29052K, used 28309K [0x00000000f5aa0000, 0x00000000f76ff000, 0x0000000100000000)
   the space 29052K,  97% used [0x00000000f5aa0000, 0x00000000f76455a8, 0x00000000f7645600, 0x00000000f76ff000)
 Metaspace       used 51508K, capacity 53420K, committed 53632K, reserved 1095680K
  class space    used 6901K, capacity 7245K, committed 7296K, reserved 1048576K
}
Event: 12.849 GC heap before
{Heap before GC invocations=101 (full 3):
 def new generation   total 13184K, used 12788K [0x00000000f0800000, 0x00000000f1640000, 0x00000000f5aa0000)
  eden space 11776K, 100% used [0x00000000f0800000, 0x00000000f1380000, 0x00000000f1380000)
  from space 1408K,  71% used [0x00000000f14e0000, 0x00000000f15dd0f0, 0x00000000f1640000)
  to   space 1408K,   0% used [0x00000000f1380000, 0x00000000f1380000, 0x00000000f14e0000)
 tenured generation   total 29052K, used 28309K [0x00000000f5aa0000, 0x00000000f76ff000, 0x0000000100000000)
   the space 29052K,  97% used [0x00000000f5aa0000, 0x00000000f76455a8, 0x00000000f7645600, 0x00000000f76ff000)
 Metaspace       used 51624K, capacity 53582K, committed 53632K, reserved 1095680K
  class space    used 6923K, capacity 7278K, committed 7296K, reserved 1048576K
Event: 12.859 GC heap after
Heap after GC invocations=102 (full 3):
 def new generation   total 13184K, used 382K [0x00000000f0800000, 0x00000000f1640000, 0x00000000f5aa0000)
  eden space 11776K,   0% used [0x00000000f0800000, 0x00000000f0800000, 0x00000000f1380000)
  from space 1408K,  27% used [0x00000000f1380000, 0x00000000f13df860, 0x00000000f14e0000)
  to   space 1408K,   0% used [0x00000000f14e0000, 0x00000000f14e0000, 0x00000000f1640000)
 tenured generation   total 29052K, used 28546K [0x00000000f5aa0000, 0x00000000f76ff000, 0x0000000100000000)
   the space 29052K,  98% used [0x00000000f5aa0000, 0x00000000f7680bb8, 0x00000000f7680c00, 0x00000000f76ff000)
 Metaspace       used 51624K, capacity 53582K, committed 53632K, reserved 1095680K
  class space    used 6923K, capacity 7278K, committed 7296K, reserved 1048576K
}
Event: 13.034 GC heap before
{Heap before GC invocations=102 (full 3):
 def new generation   total 13184K, used 12158K [0x00000000f0800000, 0x00000000f1640000, 0x00000000f5aa0000)
  eden space 11776K, 100% used [0x00000000f0800000, 0x00000000f1380000, 0x00000000f1380000)
  from space 1408K,  27% used [0x00000000f1380000, 0x00000000f13df860, 0x00000000f14e0000)
  to   space 1408K,   0% used [0x00000000f14e0000, 0x00000000f14e0000, 0x00000000f1640000)
 tenured generation   total 29052K, used 28546K [0x00000000f5aa0000, 0x00000000f76ff000, 0x0000000100000000)
   the space 29052K,  98% used [0x00000000f5aa0000, 0x00000000f7680bb8, 0x00000000f7680c00, 0x00000000f76ff000)
 Metaspace       used 51778K, capacity 53746K, committed 54016K, reserved 1095680K
  class space    used 6954K, capacity 7312K, committed 7424K, reserved 1048576K
Event: 13.045 GC heap after
Heap after GC invocations=103 (full 3):
 def new generation   total 13184K, used 808K [0x00000000f0800000, 0x00000000f1640000, 0x00000000f5aa0000)
  eden space 11776K,   0% used [0x00000000f0800000, 0x00000000f0800000, 0x00000000f1380000)
  from space 1408K,  57% used [0x00000000f14e0000, 0x00000000f15aa008, 0x00000000f1640000)
  to   space 1408K,   0% used [0x00000000f1380000, 0x00000000f1380000, 0x00000000f14e0000)
 tenured generation   total 29052K, used 28546K [0x00000000f5aa0000, 0x00000000f76ff000, 0x0000000100000000)
   the space 29052K,  98% used [0x00000000f5aa0000, 0x00000000f7680bb8, 0x00000000f7680c00, 0x00000000f76ff000)
 Metaspace       used 51778K, capacity 53746K, committed 54016K, reserved 1095680K
  class space    used 6954K, capacity 7312K, committed 7424K, reserved 1048576K
}
Event: 13.168 GC heap before
{Heap before GC invocations=103 (full 3):
 def new generation   total 13184K, used 12584K [0x00000000f0800000, 0x00000000f1640000, 0x00000000f5aa0000)
  eden space 11776K, 100% used [0x00000000f0800000, 0x00000000f1380000, 0x00000000f1380000)
  from space 1408K,  57% used [0x00000000f14e0000, 0x00000000f15aa008, 0x00000000f1640000)
  to   space 1408K,   0% used [0x00000000f1380000, 0x00000000f1380000, 0x00000000f14e0000)
 tenured generation   total 29052K, used 28546K [0x00000000f5aa0000, 0x00000000f76ff000, 0x0000000100000000)
   the space 29052K,  98% used [0x00000000f5aa0000, 0x00000000f7680bb8, 0x00000000f7680c00, 0x00000000f76ff000)
 Metaspace       used 51833K, capacity 53756K, committed 54016K, reserved 1095680K
  class space    used 6962K, capacity 7313K, committed 7424K, reserved 1048576K
Event: 13.176 GC heap after
Heap after GC invocations=104 (full 3):
 def new generation   total 13184K, used 690K [0x00000000f0800000, 0x00000000f1640000, 0x00000000f5aa0000)
  eden space 11776K,   0% used [0x00000000f0800000, 0x00000000f0800000, 0x00000000f1380000)
  from space 1408K,  49% used [0x00000000f1380000, 0x00000000f142cb10, 0x00000000f14e0000)
  to   space 1408K,   0% used [0x00000000f14e0000, 0x00000000f14e0000, 0x00000000f1640000)
 tenured generation   total 29052K, used 28822K [0x00000000f5aa0000, 0x00000000f76ff000, 0x0000000100000000)
   the space 29052K,  99% used [0x00000000f5aa0000, 0x00000000f76c58a0, 0x00000000f76c5a00, 0x00000000f76ff000)
 Metaspace       used 51833K, capacity 53756K, committed 54016K, reserved 1095680K
  class space    used 6962K, capacity 7313K, committed 7424K, reserved 1048576K
}
Event: 13.280 GC heap before
{Heap before GC invocations=104 (full 3):
 def new generation   total 13184K, used 12466K [0x00000000f0800000, 0x00000000f1640000, 0x00000000f5aa0000)
  eden space 11776K, 100% used [0x00000000f0800000, 0x00000000f1380000, 0x00000000f1380000)
  from space 1408K,  49% used [0x00000000f1380000, 0x00000000f142cb10, 0x00000000f14e0000)
  to   space 1408K,   0% used [0x00000000f14e0000, 0x00000000f14e0000, 0x00000000f1640000)
 tenured generation   total 29052K, used 28822K [0x00000000f5aa0000, 0x00000000f76ff000, 0x0000000100000000)
   the space 29052K,  99% used [0x00000000f5aa0000, 0x00000000f76c58a0, 0x00000000f76c5a00, 0x00000000f76ff000)
 Metaspace       used 51838K, capacity 53756K, committed 54016K, reserved 1095680K
  class space    used 6962K, capacity 7313K, committed 7424K, reserved 1048576K
Event: 13.285 GC heap after
Heap after GC invocations=105 (full 3):
 def new generation   total 13184K, used 780K [0x00000000f0800000, 0x00000000f1640000, 0x00000000f5aa0000)
  eden space 11776K,   0% used [0x00000000f0800000, 0x00000000f0800000, 0x00000000f1380000)
  from space 1408K,  55% used [0x00000000f14e0000, 0x00000000f15a3180, 0x00000000f1640000)
  to   space 1408K,   0% used [0x00000000f1380000, 0x00000000f1380000, 0x00000000f14e0000)
 tenured generation   total 29052K, used 28822K [0x00000000f5aa0000, 0x00000000f76ff000, 0x0000000100000000)
   the space 29052K,  99% used [0x00000000f5aa0000, 0x00000000f76c58a0, 0x00000000f76c5a00, 0x00000000f76ff000)
 Metaspace       used 51838K, capacity 53756K, committed 54016K, reserved 1095680K
  class space    used 6962K, capacity 7313K, committed 7424K, reserved 1048576K
}
Event: 13.767 GC heap before
{Heap before GC invocations=105 (full 3):
 def new generation   total 13184K, used 12556K [0x00000000f0800000, 0x00000000f1640000, 0x00000000f5aa0000)
  eden space 11776K, 100% used [0x00000000f0800000, 0x00000000f1380000, 0x00000000f1380000)
  from space 1408K,  55% used [0x00000000f14e0000, 0x00000000f15a3180, 0x00000000f1640000)
  to   space 1408K,   0% used [0x00000000f1380000, 0x00000000f1380000, 0x00000000f14e0000)
 tenured generation   total 29052K, used 28822K [0x00000000f5aa0000, 0x00000000f76ff000, 0x0000000100000000)
   the space 29052K,  99% used [0x00000000f5aa0000, 0x00000000f76c58a0, 0x00000000f76c5a00, 0x00000000f76ff000)
 Metaspace       used 52852K, capacity 54804K, committed 54912K, reserved 1097728K
  class space    used 7108K, capacity 7461K, committed 7552K, reserved 1048576K

